DEPRECATION WARNING: Defining a route where `to` is a controller without an action is deprecated. Please change `to: 'publications/index'` to `controller: 'publications/index'`. (called from block in <top (required)> at /home/paxoth/Documentos/Universidad/PIINFO/ComunitApp/config/routes.rb:2)
DEPRECATION WARNING: Defining a route where `to` is a controller without an action is deprecated. Please change `to: 'publications/index'` to `controller: 'publications/index'`. (called from block in <top (required)> at /home/paxoth/Documentos/Universidad/PIINFO/ComunitApp/config/routes.rb:2)


Started GET "/" for 127.0.0.1 at 2017-05-10 14:57:41 -0300

Mysql2::Error (Can't connect to local MySQL server through socket '/var/run/mysqld/mysqld.sock' (2)):
  vendor/bundle/ruby/2.3.0/gems/mysql2-0.4.6/lib/mysql2/client.rb:89:in `connect'
  vendor/bundle/ruby/2.3.0/gems/mysql2-0.4.6/lib/mysql2/client.rb:89:in `initialize'
  vendor/bundle/ruby/2.3.0/gems/activerecord-4.2.6/lib/active_record/connection_adapters/mysql2_adapter.rb:18:in `new'
  vendor/bundle/ruby/2.3.0/gems/activerecord-4.2.6/lib/active_record/connection_adapters/mysql2_adapter.rb:18:in `mysql2_connection'
  vendor/bundle/ruby/2.3.0/gems/activerecord-4.2.6/lib/active_record/connection_adapters/abstract/connection_pool.rb:438:in `new_connection'
  vendor/bundle/ruby/2.3.0/gems/activerecord-4.2.6/lib/active_record/connection_adapters/abstract/connection_pool.rb:448:in `checkout_new_connection'
  vendor/bundle/ruby/2.3.0/gems/activerecord-4.2.6/lib/active_record/connection_adapters/abstract/connection_pool.rb:422:in `acquire_connection'
  vendor/bundle/ruby/2.3.0/gems/activerecord-4.2.6/lib/active_record/connection_adapters/abstract/connection_pool.rb:349:in `block in checkout'
  /usr/lib/ruby/2.3.0/monitor.rb:214:in `mon_synchronize'
  vendor/bundle/ruby/2.3.0/gems/activerecord-4.2.6/lib/active_record/connection_adapters/abstract/connection_pool.rb:348:in `checkout'
  vendor/bundle/ruby/2.3.0/gems/activerecord-4.2.6/lib/active_record/connection_adapters/abstract/connection_pool.rb:263:in `block in connection'
  /usr/lib/ruby/2.3.0/monitor.rb:214:in `mon_synchronize'
  vendor/bundle/ruby/2.3.0/gems/activerecord-4.2.6/lib/active_record/connection_adapters/abstract/connection_pool.rb:262:in `connection'
  vendor/bundle/ruby/2.3.0/gems/activerecord-4.2.6/lib/active_record/connection_adapters/abstract/connection_pool.rb:571:in `retrieve_connection'
  vendor/bundle/ruby/2.3.0/gems/activerecord-4.2.6/lib/active_record/connection_handling.rb:113:in `retrieve_connection'
  vendor/bundle/ruby/2.3.0/gems/activerecord-4.2.6/lib/active_record/connection_handling.rb:87:in `connection'
  vendor/bundle/ruby/2.3.0/gems/activerecord-4.2.6/lib/active_record/migration.rb:383:in `connection'
  vendor/bundle/ruby/2.3.0/gems/activerecord-4.2.6/lib/active_record/migration.rb:370:in `call'
  vendor/bundle/ruby/2.3.0/gems/actionpack-4.2.6/lib/action_dispatch/middleware/callbacks.rb:29:in `block in call'
  vendor/bundle/ruby/2.3.0/gems/activesupport-4.2.6/lib/active_support/callbacks.rb:88:in `__run_callbacks__'
  vendor/bundle/ruby/2.3.0/gems/activesupport-4.2.6/lib/active_support/callbacks.rb:778:in `_run_call_callbacks'
  vendor/bundle/ruby/2.3.0/gems/activesupport-4.2.6/lib/active_support/callbacks.rb:81:in `run_callbacks'
  vendor/bundle/ruby/2.3.0/gems/actionpack-4.2.6/lib/action_dispatch/middleware/callbacks.rb:27:in `call'
  vendor/bundle/ruby/2.3.0/gems/actionpack-4.2.6/lib/action_dispatch/middleware/reloader.rb:73:in `call'
  vendor/bundle/ruby/2.3.0/gems/actionpack-4.2.6/lib/action_dispatch/middleware/remote_ip.rb:78:in `call'
  vendor/bundle/ruby/2.3.0/gems/actionpack-4.2.6/lib/action_dispatch/middleware/debug_exceptions.rb:17:in `call'
  vendor/bundle/ruby/2.3.0/gems/web-console-2.3.0/lib/web_console/middleware.rb:28:in `block in call'
  vendor/bundle/ruby/2.3.0/gems/web-console-2.3.0/lib/web_console/middleware.rb:18:in `catch'
  vendor/bundle/ruby/2.3.0/gems/web-console-2.3.0/lib/web_console/middleware.rb:18:in `call'
  vendor/bundle/ruby/2.3.0/gems/actionpack-4.2.6/lib/action_dispatch/middleware/show_exceptions.rb:30:in `call'
  vendor/bundle/ruby/2.3.0/gems/railties-4.2.6/lib/rails/rack/logger.rb:38:in `call_app'
  vendor/bundle/ruby/2.3.0/gems/railties-4.2.6/lib/rails/rack/logger.rb:20:in `block in call'
  vendor/bundle/ruby/2.3.0/gems/activesupport-4.2.6/lib/active_support/tagged_logging.rb:68:in `block in tagged'
  vendor/bundle/ruby/2.3.0/gems/activesupport-4.2.6/lib/active_support/tagged_logging.rb:26:in `tagged'
  vendor/bundle/ruby/2.3.0/gems/activesupport-4.2.6/lib/active_support/tagged_logging.rb:68:in `tagged'
  vendor/bundle/ruby/2.3.0/gems/railties-4.2.6/lib/rails/rack/logger.rb:20:in `call'
  vendor/bundle/ruby/2.3.0/gems/actionpack-4.2.6/lib/action_dispatch/middleware/request_id.rb:21:in `call'
  vendor/bundle/ruby/2.3.0/gems/rack-1.6.6/lib/rack/methodoverride.rb:22:in `call'
  vendor/bundle/ruby/2.3.0/gems/rack-1.6.6/lib/rack/runtime.rb:18:in `call'
  vendor/bundle/ruby/2.3.0/gems/activesupport-4.2.6/lib/active_support/cache/strategy/local_cache_middleware.rb:28:in `call'
  vendor/bundle/ruby/2.3.0/gems/rack-1.6.6/lib/rack/lock.rb:17:in `call'
  vendor/bundle/ruby/2.3.0/gems/actionpack-4.2.6/lib/action_dispatch/middleware/static.rb:120:in `call'
  vendor/bundle/ruby/2.3.0/gems/rack-1.6.6/lib/rack/sendfile.rb:113:in `call'
  vendor/bundle/ruby/2.3.0/gems/railties-4.2.6/lib/rails/engine.rb:518:in `call'
  vendor/bundle/ruby/2.3.0/gems/railties-4.2.6/lib/rails/application.rb:165:in `call'
  vendor/bundle/ruby/2.3.0/gems/rack-1.6.6/lib/rack/lock.rb:17:in `call'
  vendor/bundle/ruby/2.3.0/gems/rack-1.6.6/lib/rack/content_length.rb:15:in `call'
  vendor/bundle/ruby/2.3.0/gems/rack-1.6.6/lib/rack/handler/webrick.rb:88:in `service'
  /usr/lib/ruby/2.3.0/webrick/httpserver.rb:140:in `service'
  /usr/lib/ruby/2.3.0/webrick/httpserver.rb:96:in `run'
  /usr/lib/ruby/2.3.0/webrick/server.rb:296:in `block in start_thread'


  Rendered vendor/bundle/ruby/2.3.0/gems/actionpack-4.2.6/lib/action_dispatch/middleware/templates/rescues/_source.erb (4.2ms)
  Rendered vendor/bundle/ruby/2.3.0/gems/actionpack-4.2.6/lib/action_dispatch/middleware/templates/rescues/_trace.html.erb (2.1ms)
  Rendered vendor/bundle/ruby/2.3.0/gems/actionpack-4.2.6/lib/action_dispatch/middleware/templates/rescues/_request_and_response.html.erb (1.7ms)
  Rendered vendor/bundle/ruby/2.3.0/gems/actionpack-4.2.6/lib/action_dispatch/middleware/templates/rescues/diagnostics.html.erb within rescues/layout (37.0ms)
  Rendered vendor/bundle/ruby/2.3.0/gems/web-console-2.3.0/lib/web_console/templates/_markup.html.erb (0.5ms)
  Rendered vendor/bundle/ruby/2.3.0/gems/web-console-2.3.0/lib/web_console/templates/_inner_console_markup.html.erb within layouts/inlined_string (0.4ms)
  Rendered vendor/bundle/ruby/2.3.0/gems/web-console-2.3.0/lib/web_console/templates/_prompt_box_markup.html.erb within layouts/inlined_string (0.4ms)
  Rendered vendor/bundle/ruby/2.3.0/gems/web-console-2.3.0/lib/web_console/templates/style.css.erb within layouts/inlined_string (0.4ms)
  Rendered vendor/bundle/ruby/2.3.0/gems/web-console-2.3.0/lib/web_console/templates/console.js.erb within layouts/javascript (38.3ms)
  Rendered vendor/bundle/ruby/2.3.0/gems/web-console-2.3.0/lib/web_console/templates/main.js.erb within layouts/javascript (0.4ms)
  Rendered vendor/bundle/ruby/2.3.0/gems/web-console-2.3.0/lib/web_console/templates/error_page.js.erb within layouts/javascript (0.5ms)
  Rendered vendor/bundle/ruby/2.3.0/gems/web-console-2.3.0/lib/web_console/templates/index.html.erb (70.4ms)


Started GET "/" for 127.0.0.1 at 2017-05-10 15:03:39 -0300

ActiveRecord::NoDatabaseError (Unknown database 'ComunitApp_development'):
  vendor/bundle/ruby/2.3.0/gems/activerecord-4.2.6/lib/active_record/connection_adapters/mysql2_adapter.rb:23:in `rescue in mysql2_connection'
  vendor/bundle/ruby/2.3.0/gems/activerecord-4.2.6/lib/active_record/connection_adapters/mysql2_adapter.rb:10:in `mysql2_connection'
  vendor/bundle/ruby/2.3.0/gems/activerecord-4.2.6/lib/active_record/connection_adapters/abstract/connection_pool.rb:438:in `new_connection'
  vendor/bundle/ruby/2.3.0/gems/activerecord-4.2.6/lib/active_record/connection_adapters/abstract/connection_pool.rb:448:in `checkout_new_connection'
  vendor/bundle/ruby/2.3.0/gems/activerecord-4.2.6/lib/active_record/connection_adapters/abstract/connection_pool.rb:422:in `acquire_connection'
  vendor/bundle/ruby/2.3.0/gems/activerecord-4.2.6/lib/active_record/connection_adapters/abstract/connection_pool.rb:349:in `block in checkout'
  /usr/lib/ruby/2.3.0/monitor.rb:214:in `mon_synchronize'
  vendor/bundle/ruby/2.3.0/gems/activerecord-4.2.6/lib/active_record/connection_adapters/abstract/connection_pool.rb:348:in `checkout'
  vendor/bundle/ruby/2.3.0/gems/activerecord-4.2.6/lib/active_record/connection_adapters/abstract/connection_pool.rb:263:in `block in connection'
  /usr/lib/ruby/2.3.0/monitor.rb:214:in `mon_synchronize'
  vendor/bundle/ruby/2.3.0/gems/activerecord-4.2.6/lib/active_record/connection_adapters/abstract/connection_pool.rb:262:in `connection'
  vendor/bundle/ruby/2.3.0/gems/activerecord-4.2.6/lib/active_record/connection_adapters/abstract/connection_pool.rb:571:in `retrieve_connection'
  vendor/bundle/ruby/2.3.0/gems/activerecord-4.2.6/lib/active_record/connection_handling.rb:113:in `retrieve_connection'
  vendor/bundle/ruby/2.3.0/gems/activerecord-4.2.6/lib/active_record/connection_handling.rb:87:in `connection'
  vendor/bundle/ruby/2.3.0/gems/activerecord-4.2.6/lib/active_record/migration.rb:383:in `connection'
  vendor/bundle/ruby/2.3.0/gems/activerecord-4.2.6/lib/active_record/migration.rb:370:in `call'
  vendor/bundle/ruby/2.3.0/gems/actionpack-4.2.6/lib/action_dispatch/middleware/callbacks.rb:29:in `block in call'
  vendor/bundle/ruby/2.3.0/gems/activesupport-4.2.6/lib/active_support/callbacks.rb:88:in `__run_callbacks__'
  vendor/bundle/ruby/2.3.0/gems/activesupport-4.2.6/lib/active_support/callbacks.rb:778:in `_run_call_callbacks'
  vendor/bundle/ruby/2.3.0/gems/activesupport-4.2.6/lib/active_support/callbacks.rb:81:in `run_callbacks'
  vendor/bundle/ruby/2.3.0/gems/actionpack-4.2.6/lib/action_dispatch/middleware/callbacks.rb:27:in `call'
  vendor/bundle/ruby/2.3.0/gems/actionpack-4.2.6/lib/action_dispatch/middleware/reloader.rb:73:in `call'
  vendor/bundle/ruby/2.3.0/gems/actionpack-4.2.6/lib/action_dispatch/middleware/remote_ip.rb:78:in `call'
  vendor/bundle/ruby/2.3.0/gems/actionpack-4.2.6/lib/action_dispatch/middleware/debug_exceptions.rb:17:in `call'
  vendor/bundle/ruby/2.3.0/gems/web-console-2.3.0/lib/web_console/middleware.rb:28:in `block in call'
  vendor/bundle/ruby/2.3.0/gems/web-console-2.3.0/lib/web_console/middleware.rb:18:in `catch'
  vendor/bundle/ruby/2.3.0/gems/web-console-2.3.0/lib/web_console/middleware.rb:18:in `call'
  vendor/bundle/ruby/2.3.0/gems/actionpack-4.2.6/lib/action_dispatch/middleware/show_exceptions.rb:30:in `call'
  vendor/bundle/ruby/2.3.0/gems/railties-4.2.6/lib/rails/rack/logger.rb:38:in `call_app'
  vendor/bundle/ruby/2.3.0/gems/railties-4.2.6/lib/rails/rack/logger.rb:20:in `block in call'
  vendor/bundle/ruby/2.3.0/gems/activesupport-4.2.6/lib/active_support/tagged_logging.rb:68:in `block in tagged'
  vendor/bundle/ruby/2.3.0/gems/activesupport-4.2.6/lib/active_support/tagged_logging.rb:26:in `tagged'
  vendor/bundle/ruby/2.3.0/gems/activesupport-4.2.6/lib/active_support/tagged_logging.rb:68:in `tagged'
  vendor/bundle/ruby/2.3.0/gems/railties-4.2.6/lib/rails/rack/logger.rb:20:in `call'
  vendor/bundle/ruby/2.3.0/gems/actionpack-4.2.6/lib/action_dispatch/middleware/request_id.rb:21:in `call'
  vendor/bundle/ruby/2.3.0/gems/rack-1.6.6/lib/rack/methodoverride.rb:22:in `call'
  vendor/bundle/ruby/2.3.0/gems/rack-1.6.6/lib/rack/runtime.rb:18:in `call'
  vendor/bundle/ruby/2.3.0/gems/activesupport-4.2.6/lib/active_support/cache/strategy/local_cache_middleware.rb:28:in `call'
  vendor/bundle/ruby/2.3.0/gems/rack-1.6.6/lib/rack/lock.rb:17:in `call'
  vendor/bundle/ruby/2.3.0/gems/actionpack-4.2.6/lib/action_dispatch/middleware/static.rb:120:in `call'
  vendor/bundle/ruby/2.3.0/gems/rack-1.6.6/lib/rack/sendfile.rb:113:in `call'
  vendor/bundle/ruby/2.3.0/gems/railties-4.2.6/lib/rails/engine.rb:518:in `call'
  vendor/bundle/ruby/2.3.0/gems/railties-4.2.6/lib/rails/application.rb:165:in `call'
  vendor/bundle/ruby/2.3.0/gems/rack-1.6.6/lib/rack/lock.rb:17:in `call'
  vendor/bundle/ruby/2.3.0/gems/rack-1.6.6/lib/rack/content_length.rb:15:in `call'
  vendor/bundle/ruby/2.3.0/gems/rack-1.6.6/lib/rack/handler/webrick.rb:88:in `service'
  /usr/lib/ruby/2.3.0/webrick/httpserver.rb:140:in `service'
  /usr/lib/ruby/2.3.0/webrick/httpserver.rb:96:in `run'
  /usr/lib/ruby/2.3.0/webrick/server.rb:296:in `block in start_thread'


  Rendered vendor/bundle/ruby/2.3.0/gems/actionpack-4.2.6/lib/action_dispatch/middleware/templates/rescues/_source.erb (4.1ms)
  Rendered vendor/bundle/ruby/2.3.0/gems/actionpack-4.2.6/lib/action_dispatch/middleware/templates/rescues/_trace.html.erb (2.2ms)
  Rendered vendor/bundle/ruby/2.3.0/gems/actionpack-4.2.6/lib/action_dispatch/middleware/templates/rescues/_request_and_response.html.erb (1.1ms)
  Rendered vendor/bundle/ruby/2.3.0/gems/actionpack-4.2.6/lib/action_dispatch/middleware/templates/rescues/diagnostics.html.erb within rescues/layout (33.1ms)
  Rendered vendor/bundle/ruby/2.3.0/gems/web-console-2.3.0/lib/web_console/templates/_markup.html.erb (0.5ms)
  Rendered vendor/bundle/ruby/2.3.0/gems/web-console-2.3.0/lib/web_console/templates/_inner_console_markup.html.erb within layouts/inlined_string (0.7ms)
  Rendered vendor/bundle/ruby/2.3.0/gems/web-console-2.3.0/lib/web_console/templates/_prompt_box_markup.html.erb within layouts/inlined_string (0.4ms)
  Rendered vendor/bundle/ruby/2.3.0/gems/web-console-2.3.0/lib/web_console/templates/style.css.erb within layouts/inlined_string (0.4ms)
  Rendered vendor/bundle/ruby/2.3.0/gems/web-console-2.3.0/lib/web_console/templates/console.js.erb within layouts/javascript (34.3ms)
  Rendered vendor/bundle/ruby/2.3.0/gems/web-console-2.3.0/lib/web_console/templates/main.js.erb within layouts/javascript (0.9ms)
  Rendered vendor/bundle/ruby/2.3.0/gems/web-console-2.3.0/lib/web_console/templates/error_page.js.erb within layouts/javascript (0.5ms)
  Rendered vendor/bundle/ruby/2.3.0/gems/web-console-2.3.0/lib/web_console/templates/index.html.erb (68.0ms)
  [1m[36m (267.6ms)[0m  [1mCREATE TABLE `schema_migrations` (`version` varchar(255) NOT NULL) ENGINE=InnoDB[0m
  [1m[35m (469.0ms)[0m  CREATE UNIQUE INDEX `unique_schema_migrations`  ON `schema_migrations` (`version`) 
  [1m[36mActiveRecord::SchemaMigration Load (0.2ms)[0m  [1mSELECT `schema_migrations`.* FROM `schema_migrations`[0m


Started GET "/" for 127.0.0.1 at 2017-05-10 15:04:22 -0300
Processing by Rails::WelcomeController#index as HTML
  Rendered vendor/bundle/ruby/2.3.0/gems/railties-4.2.6/lib/rails/templates/rails/welcome/index.html.erb (2.0ms)
Completed 200 OK in 26ms (Views: 13.4ms | ActiveRecord: 0.0ms)
DEPRECATION WARNING: Defining a route where `to` is a controller without an action is deprecated. Please change `to: 'publication/index'` to `controller: 'publication/index'`. (called from block in <top (required)> at /home/paxoth/Documentos/Universidad/PIINFO/ComunitApp/config/routes.rb:8)
DEPRECATION WARNING: Defining a route where `to` is a controller without an action is deprecated. Please change `to: 'publications/index'` to `controller: 'publications/index'`. (called from block in <top (required)> at /home/paxoth/Documentos/Universidad/PIINFO/ComunitApp/config/routes.rb:8)


Started GET "/" for 127.0.0.1 at 2017-05-10 15:06:34 -0300
  [1m[36mActiveRecord::SchemaMigration Load (0.3ms)[0m  [1mSELECT `schema_migrations`.* FROM `schema_migrations`[0m

ActiveRecord::PendingMigrationError (

Migrations are pending. To resolve this issue, run:

	bin/rake db:migrate RAILS_ENV=development

):
  vendor/bundle/ruby/2.3.0/gems/activerecord-4.2.6/lib/active_record/migration.rb:392:in `check_pending!'
  vendor/bundle/ruby/2.3.0/gems/activerecord-4.2.6/lib/active_record/migration.rb:373:in `call'
  vendor/bundle/ruby/2.3.0/gems/actionpack-4.2.6/lib/action_dispatch/middleware/callbacks.rb:29:in `block in call'
  vendor/bundle/ruby/2.3.0/gems/activesupport-4.2.6/lib/active_support/callbacks.rb:88:in `__run_callbacks__'
  vendor/bundle/ruby/2.3.0/gems/activesupport-4.2.6/lib/active_support/callbacks.rb:778:in `_run_call_callbacks'
  vendor/bundle/ruby/2.3.0/gems/activesupport-4.2.6/lib/active_support/callbacks.rb:81:in `run_callbacks'
  vendor/bundle/ruby/2.3.0/gems/actionpack-4.2.6/lib/action_dispatch/middleware/callbacks.rb:27:in `call'
  vendor/bundle/ruby/2.3.0/gems/actionpack-4.2.6/lib/action_dispatch/middleware/reloader.rb:73:in `call'
  vendor/bundle/ruby/2.3.0/gems/actionpack-4.2.6/lib/action_dispatch/middleware/remote_ip.rb:78:in `call'
  vendor/bundle/ruby/2.3.0/gems/actionpack-4.2.6/lib/action_dispatch/middleware/debug_exceptions.rb:17:in `call'
  vendor/bundle/ruby/2.3.0/gems/web-console-2.3.0/lib/web_console/middleware.rb:28:in `block in call'
  vendor/bundle/ruby/2.3.0/gems/web-console-2.3.0/lib/web_console/middleware.rb:18:in `catch'
  vendor/bundle/ruby/2.3.0/gems/web-console-2.3.0/lib/web_console/middleware.rb:18:in `call'
  vendor/bundle/ruby/2.3.0/gems/actionpack-4.2.6/lib/action_dispatch/middleware/show_exceptions.rb:30:in `call'
  vendor/bundle/ruby/2.3.0/gems/railties-4.2.6/lib/rails/rack/logger.rb:38:in `call_app'
  vendor/bundle/ruby/2.3.0/gems/railties-4.2.6/lib/rails/rack/logger.rb:20:in `block in call'
  vendor/bundle/ruby/2.3.0/gems/activesupport-4.2.6/lib/active_support/tagged_logging.rb:68:in `block in tagged'
  vendor/bundle/ruby/2.3.0/gems/activesupport-4.2.6/lib/active_support/tagged_logging.rb:26:in `tagged'
  vendor/bundle/ruby/2.3.0/gems/activesupport-4.2.6/lib/active_support/tagged_logging.rb:68:in `tagged'
  vendor/bundle/ruby/2.3.0/gems/railties-4.2.6/lib/rails/rack/logger.rb:20:in `call'
  vendor/bundle/ruby/2.3.0/gems/actionpack-4.2.6/lib/action_dispatch/middleware/request_id.rb:21:in `call'
  vendor/bundle/ruby/2.3.0/gems/rack-1.6.6/lib/rack/methodoverride.rb:22:in `call'
  vendor/bundle/ruby/2.3.0/gems/rack-1.6.6/lib/rack/runtime.rb:18:in `call'
  vendor/bundle/ruby/2.3.0/gems/activesupport-4.2.6/lib/active_support/cache/strategy/local_cache_middleware.rb:28:in `call'
  vendor/bundle/ruby/2.3.0/gems/rack-1.6.6/lib/rack/lock.rb:17:in `call'
  vendor/bundle/ruby/2.3.0/gems/actionpack-4.2.6/lib/action_dispatch/middleware/static.rb:120:in `call'
  vendor/bundle/ruby/2.3.0/gems/rack-1.6.6/lib/rack/sendfile.rb:113:in `call'
  vendor/bundle/ruby/2.3.0/gems/railties-4.2.6/lib/rails/engine.rb:518:in `call'
  vendor/bundle/ruby/2.3.0/gems/railties-4.2.6/lib/rails/application.rb:165:in `call'
  vendor/bundle/ruby/2.3.0/gems/rack-1.6.6/lib/rack/lock.rb:17:in `call'
  vendor/bundle/ruby/2.3.0/gems/rack-1.6.6/lib/rack/content_length.rb:15:in `call'
  vendor/bundle/ruby/2.3.0/gems/rack-1.6.6/lib/rack/handler/webrick.rb:88:in `service'
  /usr/lib/ruby/2.3.0/webrick/httpserver.rb:140:in `service'
  /usr/lib/ruby/2.3.0/webrick/httpserver.rb:96:in `run'
  /usr/lib/ruby/2.3.0/webrick/server.rb:296:in `block in start_thread'


  Rendered vendor/bundle/ruby/2.3.0/gems/actionpack-4.2.6/lib/action_dispatch/middleware/templates/rescues/_source.erb (5.7ms)
  Rendered vendor/bundle/ruby/2.3.0/gems/actionpack-4.2.6/lib/action_dispatch/middleware/templates/rescues/_trace.html.erb (2.4ms)
  Rendered vendor/bundle/ruby/2.3.0/gems/actionpack-4.2.6/lib/action_dispatch/middleware/templates/rescues/_request_and_response.html.erb (1.2ms)
  Rendered vendor/bundle/ruby/2.3.0/gems/actionpack-4.2.6/lib/action_dispatch/middleware/templates/rescues/diagnostics.html.erb within rescues/layout (36.0ms)
  Rendered vendor/bundle/ruby/2.3.0/gems/web-console-2.3.0/lib/web_console/templates/_markup.html.erb (0.6ms)
  Rendered vendor/bundle/ruby/2.3.0/gems/web-console-2.3.0/lib/web_console/templates/_inner_console_markup.html.erb within layouts/inlined_string (0.4ms)
  Rendered vendor/bundle/ruby/2.3.0/gems/web-console-2.3.0/lib/web_console/templates/_prompt_box_markup.html.erb within layouts/inlined_string (0.4ms)
  Rendered vendor/bundle/ruby/2.3.0/gems/web-console-2.3.0/lib/web_console/templates/style.css.erb within layouts/inlined_string (8.8ms)
  Rendered vendor/bundle/ruby/2.3.0/gems/web-console-2.3.0/lib/web_console/templates/console.js.erb within layouts/javascript (42.9ms)
  Rendered vendor/bundle/ruby/2.3.0/gems/web-console-2.3.0/lib/web_console/templates/main.js.erb within layouts/javascript (0.4ms)
  Rendered vendor/bundle/ruby/2.3.0/gems/web-console-2.3.0/lib/web_console/templates/error_page.js.erb within layouts/javascript (0.5ms)
  Rendered vendor/bundle/ruby/2.3.0/gems/web-console-2.3.0/lib/web_console/templates/index.html.erb (79.7ms)
  [1m[36mActiveRecord::SchemaMigration Load (0.3ms)[0m  [1mSELECT `schema_migrations`.* FROM `schema_migrations`[0m
Migrating to CreatePublications (20170510180506)
  [1m[35m (291.6ms)[0m  CREATE TABLE `publications` (`id` int(11) auto_increment PRIMARY KEY, `title` varchar(255), `body` text, `created_at` datetime NOT NULL, `updated_at` datetime NOT NULL) ENGINE=InnoDB
  [1m[36m (0.3ms)[0m  [1mBEGIN[0m
  [1m[35mSQL (0.4ms)[0m  INSERT INTO `schema_migrations` (`version`) VALUES ('20170510180506')
  [1m[36m (32.9ms)[0m  [1mCOMMIT[0m
  [1m[35mActiveRecord::SchemaMigration Load (0.2ms)[0m  SELECT `schema_migrations`.* FROM `schema_migrations`
  [1m[36m (0.3ms)[0m  [1mSELECT fk.referenced_table_name as 'to_table'
      ,fk.referenced_column_name as 'primary_key'
      ,fk.column_name as 'column'
      ,fk.constraint_name as 'name'
FROM information_schema.key_column_usage fk
WHERE fk.referenced_column_name is not null
  AND fk.table_schema = 'ComunitApp_development'
  AND fk.table_name = 'publications'
[0m
  [1m[35m (0.2ms)[0m  SHOW CREATE TABLE `publications`


Started GET "/" for 127.0.0.1 at 2017-05-10 15:06:55 -0300
  [1m[36mActiveRecord::SchemaMigration Load (0.3ms)[0m  [1mSELECT `schema_migrations`.* FROM `schema_migrations`[0m
Processing by Rails::WelcomeController#index as HTML
  Rendered vendor/bundle/ruby/2.3.0/gems/railties-4.2.6/lib/rails/templates/rails/welcome/index.html.erb (3.3ms)
Completed 200 OK in 25ms (Views: 12.6ms | ActiveRecord: 0.0ms)


Started GET "/publications" for 127.0.0.1 at 2017-05-10 15:07:01 -0300
Processing by PublicationsController#index as HTML
  [1m[35mPublication Load (0.5ms)[0m  SELECT `publications`.* FROM `publications`
  Rendered publications/index.html.erb within layouts/application (3.7ms)
Completed 200 OK in 4712ms (Views: 4707.4ms | ActiveRecord: 1.1ms)


Started GET "/publications" for 127.0.0.1 at 2017-05-10 15:07:40 -0300
Processing by PublicationsController#index as HTML
  [1m[36mPublication Load (0.4ms)[0m  [1mSELECT `publications`.* FROM `publications`[0m
  Rendered publications/index.html.erb within layouts/application (2.1ms)
Completed 200 OK in 32ms (Views: 28.4ms | ActiveRecord: 0.9ms)


Started GET "/" for 127.0.0.1 at 2017-05-10 15:07:42 -0300
Processing by PublicationsController#index as HTML
  [1m[35mPublication Load (0.6ms)[0m  SELECT `publications`.* FROM `publications`
  Rendered publications/index.html.erb within layouts/application (2.2ms)
Completed 200 OK in 42ms (Views: 39.8ms | ActiveRecord: 0.6ms)


Started GET "/" for 127.0.0.1 at 2017-05-10 15:09:54 -0300
  [1m[36mActiveRecord::SchemaMigration Load (0.3ms)[0m  [1mSELECT `schema_migrations`.* FROM `schema_migrations`[0m
Processing by PublicationsController#index as HTML
  [1m[35mPublication Load (0.5ms)[0m  SELECT `publications`.* FROM `publications`
  Rendered publications/index.html.erb within layouts/application (4.7ms)
Completed 200 OK in 387ms (Views: 371.0ms | ActiveRecord: 1.1ms)


Started GET "/users/sign_in" for 127.0.0.1 at 2017-05-10 15:09:58 -0300

ActionController::RoutingError (No route matches [GET] "/users/sign_in"):
  vendor/bundle/ruby/2.3.0/gems/actionpack-4.2.6/lib/action_dispatch/middleware/debug_exceptions.rb:21:in `call'
  vendor/bundle/ruby/2.3.0/gems/web-console-2.3.0/lib/web_console/middleware.rb:28:in `block in call'
  vendor/bundle/ruby/2.3.0/gems/web-console-2.3.0/lib/web_console/middleware.rb:18:in `catch'
  vendor/bundle/ruby/2.3.0/gems/web-console-2.3.0/lib/web_console/middleware.rb:18:in `call'
  vendor/bundle/ruby/2.3.0/gems/actionpack-4.2.6/lib/action_dispatch/middleware/show_exceptions.rb:30:in `call'
  vendor/bundle/ruby/2.3.0/gems/railties-4.2.6/lib/rails/rack/logger.rb:38:in `call_app'
  vendor/bundle/ruby/2.3.0/gems/railties-4.2.6/lib/rails/rack/logger.rb:20:in `block in call'
  vendor/bundle/ruby/2.3.0/gems/activesupport-4.2.6/lib/active_support/tagged_logging.rb:68:in `block in tagged'
  vendor/bundle/ruby/2.3.0/gems/activesupport-4.2.6/lib/active_support/tagged_logging.rb:26:in `tagged'
  vendor/bundle/ruby/2.3.0/gems/activesupport-4.2.6/lib/active_support/tagged_logging.rb:68:in `tagged'
  vendor/bundle/ruby/2.3.0/gems/railties-4.2.6/lib/rails/rack/logger.rb:20:in `call'
  vendor/bundle/ruby/2.3.0/gems/actionpack-4.2.6/lib/action_dispatch/middleware/request_id.rb:21:in `call'
  vendor/bundle/ruby/2.3.0/gems/rack-1.6.6/lib/rack/methodoverride.rb:22:in `call'
  vendor/bundle/ruby/2.3.0/gems/rack-1.6.6/lib/rack/runtime.rb:18:in `call'
  vendor/bundle/ruby/2.3.0/gems/activesupport-4.2.6/lib/active_support/cache/strategy/local_cache_middleware.rb:28:in `call'
  vendor/bundle/ruby/2.3.0/gems/rack-1.6.6/lib/rack/lock.rb:17:in `call'
  vendor/bundle/ruby/2.3.0/gems/actionpack-4.2.6/lib/action_dispatch/middleware/static.rb:120:in `call'
  vendor/bundle/ruby/2.3.0/gems/rack-1.6.6/lib/rack/sendfile.rb:113:in `call'
  vendor/bundle/ruby/2.3.0/gems/railties-4.2.6/lib/rails/engine.rb:518:in `call'
  vendor/bundle/ruby/2.3.0/gems/railties-4.2.6/lib/rails/application.rb:165:in `call'
  vendor/bundle/ruby/2.3.0/gems/rack-1.6.6/lib/rack/lock.rb:17:in `call'
  vendor/bundle/ruby/2.3.0/gems/rack-1.6.6/lib/rack/content_length.rb:15:in `call'
  vendor/bundle/ruby/2.3.0/gems/rack-1.6.6/lib/rack/handler/webrick.rb:88:in `service'
  /usr/lib/ruby/2.3.0/webrick/httpserver.rb:140:in `service'
  /usr/lib/ruby/2.3.0/webrick/httpserver.rb:96:in `run'
  /usr/lib/ruby/2.3.0/webrick/server.rb:296:in `block in start_thread'


  Rendered vendor/bundle/ruby/2.3.0/gems/actionpack-4.2.6/lib/action_dispatch/middleware/templates/rescues/_trace.html.erb (1.8ms)
  Rendered vendor/bundle/ruby/2.3.0/gems/actionpack-4.2.6/lib/action_dispatch/middleware/templates/routes/_route.html.erb (1.3ms)
  Rendered vendor/bundle/ruby/2.3.0/gems/actionpack-4.2.6/lib/action_dispatch/middleware/templates/routes/_table.html.erb (10.3ms)
  Rendered vendor/bundle/ruby/2.3.0/gems/actionpack-4.2.6/lib/action_dispatch/middleware/templates/rescues/_request_and_response.html.erb (1.5ms)
  Rendered vendor/bundle/ruby/2.3.0/gems/actionpack-4.2.6/lib/action_dispatch/middleware/templates/rescues/routing_error.html.erb within rescues/layout (49.1ms)
  Rendered vendor/bundle/ruby/2.3.0/gems/web-console-2.3.0/lib/web_console/templates/_markup.html.erb (0.9ms)
  Rendered vendor/bundle/ruby/2.3.0/gems/web-console-2.3.0/lib/web_console/templates/_inner_console_markup.html.erb within layouts/inlined_string (0.4ms)
  Rendered vendor/bundle/ruby/2.3.0/gems/web-console-2.3.0/lib/web_console/templates/_prompt_box_markup.html.erb within layouts/inlined_string (0.4ms)
  Rendered vendor/bundle/ruby/2.3.0/gems/web-console-2.3.0/lib/web_console/templates/style.css.erb within layouts/inlined_string (20.3ms)
  Rendered vendor/bundle/ruby/2.3.0/gems/web-console-2.3.0/lib/web_console/templates/console.js.erb within layouts/javascript (56.9ms)
  Rendered vendor/bundle/ruby/2.3.0/gems/web-console-2.3.0/lib/web_console/templates/main.js.erb within layouts/javascript (0.3ms)
  Rendered vendor/bundle/ruby/2.3.0/gems/web-console-2.3.0/lib/web_console/templates/error_page.js.erb within layouts/javascript (0.4ms)
  Rendered vendor/bundle/ruby/2.3.0/gems/web-console-2.3.0/lib/web_console/templates/index.html.erb (85.9ms)


Started GET "/users/sign_in" for 127.0.0.1 at 2017-05-10 15:10:24 -0300
  [1m[36mActiveRecord::SchemaMigration Load (0.4ms)[0m  [1mSELECT `schema_migrations`.* FROM `schema_migrations`[0m

ActiveRecord::PendingMigrationError (

Migrations are pending. To resolve this issue, run:

	bin/rake db:migrate RAILS_ENV=development

):
  vendor/bundle/ruby/2.3.0/gems/activerecord-4.2.6/lib/active_record/migration.rb:392:in `check_pending!'
  vendor/bundle/ruby/2.3.0/gems/activerecord-4.2.6/lib/active_record/migration.rb:373:in `call'
  vendor/bundle/ruby/2.3.0/gems/actionpack-4.2.6/lib/action_dispatch/middleware/callbacks.rb:29:in `block in call'
  vendor/bundle/ruby/2.3.0/gems/activesupport-4.2.6/lib/active_support/callbacks.rb:88:in `__run_callbacks__'
  vendor/bundle/ruby/2.3.0/gems/activesupport-4.2.6/lib/active_support/callbacks.rb:778:in `_run_call_callbacks'
  vendor/bundle/ruby/2.3.0/gems/activesupport-4.2.6/lib/active_support/callbacks.rb:81:in `run_callbacks'
  vendor/bundle/ruby/2.3.0/gems/actionpack-4.2.6/lib/action_dispatch/middleware/callbacks.rb:27:in `call'
  vendor/bundle/ruby/2.3.0/gems/actionpack-4.2.6/lib/action_dispatch/middleware/reloader.rb:73:in `call'
  vendor/bundle/ruby/2.3.0/gems/actionpack-4.2.6/lib/action_dispatch/middleware/remote_ip.rb:78:in `call'
  vendor/bundle/ruby/2.3.0/gems/actionpack-4.2.6/lib/action_dispatch/middleware/debug_exceptions.rb:17:in `call'
  vendor/bundle/ruby/2.3.0/gems/web-console-2.3.0/lib/web_console/middleware.rb:28:in `block in call'
  vendor/bundle/ruby/2.3.0/gems/web-console-2.3.0/lib/web_console/middleware.rb:18:in `catch'
  vendor/bundle/ruby/2.3.0/gems/web-console-2.3.0/lib/web_console/middleware.rb:18:in `call'
  vendor/bundle/ruby/2.3.0/gems/actionpack-4.2.6/lib/action_dispatch/middleware/show_exceptions.rb:30:in `call'
  vendor/bundle/ruby/2.3.0/gems/railties-4.2.6/lib/rails/rack/logger.rb:38:in `call_app'
  vendor/bundle/ruby/2.3.0/gems/railties-4.2.6/lib/rails/rack/logger.rb:20:in `block in call'
  vendor/bundle/ruby/2.3.0/gems/activesupport-4.2.6/lib/active_support/tagged_logging.rb:68:in `block in tagged'
  vendor/bundle/ruby/2.3.0/gems/activesupport-4.2.6/lib/active_support/tagged_logging.rb:26:in `tagged'
  vendor/bundle/ruby/2.3.0/gems/activesupport-4.2.6/lib/active_support/tagged_logging.rb:68:in `tagged'
  vendor/bundle/ruby/2.3.0/gems/railties-4.2.6/lib/rails/rack/logger.rb:20:in `call'
  vendor/bundle/ruby/2.3.0/gems/actionpack-4.2.6/lib/action_dispatch/middleware/request_id.rb:21:in `call'
  vendor/bundle/ruby/2.3.0/gems/rack-1.6.6/lib/rack/methodoverride.rb:22:in `call'
  vendor/bundle/ruby/2.3.0/gems/rack-1.6.6/lib/rack/runtime.rb:18:in `call'
  vendor/bundle/ruby/2.3.0/gems/activesupport-4.2.6/lib/active_support/cache/strategy/local_cache_middleware.rb:28:in `call'
  vendor/bundle/ruby/2.3.0/gems/rack-1.6.6/lib/rack/lock.rb:17:in `call'
  vendor/bundle/ruby/2.3.0/gems/actionpack-4.2.6/lib/action_dispatch/middleware/static.rb:120:in `call'
  vendor/bundle/ruby/2.3.0/gems/rack-1.6.6/lib/rack/sendfile.rb:113:in `call'
  vendor/bundle/ruby/2.3.0/gems/railties-4.2.6/lib/rails/engine.rb:518:in `call'
  vendor/bundle/ruby/2.3.0/gems/railties-4.2.6/lib/rails/application.rb:165:in `call'
  vendor/bundle/ruby/2.3.0/gems/rack-1.6.6/lib/rack/lock.rb:17:in `call'
  vendor/bundle/ruby/2.3.0/gems/rack-1.6.6/lib/rack/content_length.rb:15:in `call'
  vendor/bundle/ruby/2.3.0/gems/rack-1.6.6/lib/rack/handler/webrick.rb:88:in `service'
  /usr/lib/ruby/2.3.0/webrick/httpserver.rb:140:in `service'
  /usr/lib/ruby/2.3.0/webrick/httpserver.rb:96:in `run'
  /usr/lib/ruby/2.3.0/webrick/server.rb:296:in `block in start_thread'


  Rendered vendor/bundle/ruby/2.3.0/gems/actionpack-4.2.6/lib/action_dispatch/middleware/templates/rescues/_source.erb (3.2ms)
  Rendered vendor/bundle/ruby/2.3.0/gems/actionpack-4.2.6/lib/action_dispatch/middleware/templates/rescues/_trace.html.erb (2.0ms)
  Rendered vendor/bundle/ruby/2.3.0/gems/actionpack-4.2.6/lib/action_dispatch/middleware/templates/rescues/_request_and_response.html.erb (1.1ms)
  Rendered vendor/bundle/ruby/2.3.0/gems/actionpack-4.2.6/lib/action_dispatch/middleware/templates/rescues/diagnostics.html.erb within rescues/layout (32.3ms)
  Rendered vendor/bundle/ruby/2.3.0/gems/web-console-2.3.0/lib/web_console/templates/_markup.html.erb (0.5ms)
  Rendered vendor/bundle/ruby/2.3.0/gems/web-console-2.3.0/lib/web_console/templates/_inner_console_markup.html.erb within layouts/inlined_string (0.7ms)
  Rendered vendor/bundle/ruby/2.3.0/gems/web-console-2.3.0/lib/web_console/templates/_prompt_box_markup.html.erb within layouts/inlined_string (0.4ms)
  Rendered vendor/bundle/ruby/2.3.0/gems/web-console-2.3.0/lib/web_console/templates/style.css.erb within layouts/inlined_string (0.4ms)
  Rendered vendor/bundle/ruby/2.3.0/gems/web-console-2.3.0/lib/web_console/templates/console.js.erb within layouts/javascript (37.3ms)
  Rendered vendor/bundle/ruby/2.3.0/gems/web-console-2.3.0/lib/web_console/templates/main.js.erb within layouts/javascript (0.4ms)
  Rendered vendor/bundle/ruby/2.3.0/gems/web-console-2.3.0/lib/web_console/templates/error_page.js.erb within layouts/javascript (0.6ms)
  Rendered vendor/bundle/ruby/2.3.0/gems/web-console-2.3.0/lib/web_console/templates/index.html.erb (69.8ms)
  [1m[36mActiveRecord::SchemaMigration Load (0.4ms)[0m  [1mSELECT `schema_migrations`.* FROM `schema_migrations`[0m
Migrating to DeviseCreateUsers (20170510181008)
  [1m[35m (311.6ms)[0m  CREATE TABLE `users` (`id` int(11) auto_increment PRIMARY KEY, `email` varchar(255) DEFAULT '' NOT NULL, `encrypted_password` varchar(255) DEFAULT '' NOT NULL, `reset_password_token` varchar(255), `reset_password_sent_at` datetime, `remember_created_at` datetime, `sign_in_count` int(11) DEFAULT 0 NOT NULL, `current_sign_in_at` datetime, `last_sign_in_at` datetime, `current_sign_in_ip` varchar(255), `last_sign_in_ip` varchar(255), `name` varchar(255), `user_type` int(11), `created_at` datetime NOT NULL, `updated_at` datetime NOT NULL) ENGINE=InnoDB
  [1m[36m (278.6ms)[0m  [1mCREATE UNIQUE INDEX `index_users_on_email`  ON `users` (`email`) [0m
  [1m[35m (211.6ms)[0m  CREATE UNIQUE INDEX `index_users_on_reset_password_token`  ON `users` (`reset_password_token`) 
  [1m[36m (0.2ms)[0m  [1mBEGIN[0m
  [1m[35mSQL (0.2ms)[0m  INSERT INTO `schema_migrations` (`version`) VALUES ('20170510181008')
  [1m[36m (61.7ms)[0m  [1mCOMMIT[0m
  [1m[35mActiveRecord::SchemaMigration Load (0.2ms)[0m  SELECT `schema_migrations`.* FROM `schema_migrations`
  [1m[36m (0.3ms)[0m  [1mSELECT fk.referenced_table_name as 'to_table'
      ,fk.referenced_column_name as 'primary_key'
      ,fk.column_name as 'column'
      ,fk.constraint_name as 'name'
FROM information_schema.key_column_usage fk
WHERE fk.referenced_column_name is not null
  AND fk.table_schema = 'ComunitApp_development'
  AND fk.table_name = 'publications'
[0m
  [1m[35m (0.2ms)[0m  SHOW CREATE TABLE `publications`
  [1m[36m (0.3ms)[0m  [1mSELECT fk.referenced_table_name as 'to_table'
      ,fk.referenced_column_name as 'primary_key'
      ,fk.column_name as 'column'
      ,fk.constraint_name as 'name'
FROM information_schema.key_column_usage fk
WHERE fk.referenced_column_name is not null
  AND fk.table_schema = 'ComunitApp_development'
  AND fk.table_name = 'users'
[0m
  [1m[35m (0.2ms)[0m  SHOW CREATE TABLE `users`


Started GET "/users/sign_in" for 127.0.0.1 at 2017-05-10 15:14:26 -0300
  [1m[36mActiveRecord::SchemaMigration Load (0.4ms)[0m  [1mSELECT `schema_migrations`.* FROM `schema_migrations`[0m
Processing by Devise::SessionsController#new as HTML
  Rendered vendor/bundle/ruby/2.3.0/gems/devise-4.2.1/app/views/devise/shared/_links.html.erb (3.0ms)
  Rendered vendor/bundle/ruby/2.3.0/gems/devise-4.2.1/app/views/devise/sessions/new.html.erb within layouts/application (39.1ms)
Completed 200 OK in 436ms (Views: 400.8ms | ActiveRecord: 1.2ms)


Started GET "/" for 127.0.0.1 at 2017-05-10 15:16:32 -0300
  [1m[36mActiveRecord::SchemaMigration Load (0.5ms)[0m  [1mSELECT `schema_migrations`.* FROM `schema_migrations`[0m
Processing by PublicationsController#index as HTML
  [1m[35mPublication Load (0.4ms)[0m  SELECT `publications`.* FROM `publications`
  Rendered publications/index.html.erb within layouts/application (6.4ms)
Completed 200 OK in 338ms (Views: 321.2ms | ActiveRecord: 1.2ms)


Started GET "/users/sign_in" for 127.0.0.1 at 2017-05-10 15:16:34 -0300
Processing by Devise::SessionsController#new as HTML
  Rendered vendor/bundle/ruby/2.3.0/gems/devise-4.2.1/app/views/devise/shared/_links.html.erb (1.9ms)
  Rendered vendor/bundle/ruby/2.3.0/gems/devise-4.2.1/app/views/devise/sessions/new.html.erb within layouts/application (33.7ms)
Completed 200 OK in 103ms (Views: 57.0ms | ActiveRecord: 1.7ms)


Started GET "/users/sign_up" for 127.0.0.1 at 2017-05-10 15:16:36 -0300
Processing by Devise::RegistrationsController#new as HTML
  Rendered vendor/bundle/ruby/2.3.0/gems/devise-4.2.1/app/views/devise/shared/_links.html.erb (0.5ms)
  Rendered vendor/bundle/ruby/2.3.0/gems/devise-4.2.1/app/views/devise/registrations/new.html.erb within layouts/application (11.5ms)
Completed 200 OK in 62ms (Views: 57.9ms | ActiveRecord: 0.0ms)


Started GET "/users/sign_up" for 127.0.0.1 at 2017-05-10 15:20:14 -0300
  [1m[36mActiveRecord::SchemaMigration Load (0.4ms)[0m  [1mSELECT `schema_migrations`.* FROM `schema_migrations`[0m
Processing by Devise::RegistrationsController#new as HTML
  Rendered devise/shared/_links.html.erb (1.7ms)
  Rendered devise/registrations/new.html.erb within layouts/application (21.4ms)
Completed 200 OK in 3122ms (Views: 3083.8ms | ActiveRecord: 1.6ms)


Started GET "/assets/form.self-ac6d82e9a79f17f2e9c47a447b4276f4db1affb6632c592f42973e4021058690.css?body=1" for 127.0.0.1 at 2017-05-10 15:20:18 -0300


Started GET "/users/sign_up" for 127.0.0.1 at 2017-05-10 15:26:46 -0300
  [1m[36mActiveRecord::SchemaMigration Load (0.3ms)[0m  [1mSELECT `schema_migrations`.* FROM `schema_migrations`[0m
Processing by Devise::RegistrationsController#new as HTML
  Rendered devise/shared/_links.html.erb (1.4ms)
  Rendered devise/registrations/new.html.erb within layouts/application (17.5ms)
Completed 200 OK in 2390ms (Views: 2353.5ms | ActiveRecord: 1.2ms)


Started GET "/assets/application.self-86218f77947eee885e28924f9b93a69c3c2e9d0f481845b7e2b7f948a3af2a53.css?body=1" for 127.0.0.1 at 2017-05-10 15:26:49 -0300


Started GET "/assets/bootstrap/util.self-5ae5b599fc2afe0f317696c5dfc0b51d6ce2ecb47d0341d1555b2fe971ada496.js?body=1" for 127.0.0.1 at 2017-05-10 15:26:49 -0300


Started GET "/assets/bootstrap/alert.self-5a586b490b4c9332249b231956b361b852b128a0d82f7f08549f205bba1bfeb0.js?body=1" for 127.0.0.1 at 2017-05-10 15:26:49 -0300


Started GET "/assets/bootstrap/collapse.self-94c7455a70c5bb5ad5b3eae0c70388160c238afdea0b48d5345587fd176fb52d.js?body=1" for 127.0.0.1 at 2017-05-10 15:26:49 -0300


Started GET "/assets/bootstrap/button.self-30412f39aaa761313878531076ce8187fe6c017e42111bf2c283fce4a7c850f8.js?body=1" for 127.0.0.1 at 2017-05-10 15:26:49 -0300


Started GET "/assets/bootstrap/carousel.self-f18afa468f85125228747ec83e00e56a26bbc71295e90a3848af25b258445615.js?body=1" for 127.0.0.1 at 2017-05-10 15:26:49 -0300


Started GET "/assets/bootstrap/dropdown.self-954f8384ac380992dd91b2b176b570b0792365a334efb758774c718d9628a329.js?body=1" for 127.0.0.1 at 2017-05-10 15:26:49 -0300


Started GET "/assets/bootstrap/modal.self-a406636221efb5add01fbaa60c24ac0ae6bc0c57008d8e2503d68f49fbe75ad0.js?body=1" for 127.0.0.1 at 2017-05-10 15:26:49 -0300


Started GET "/assets/bootstrap/scrollspy.self-66781adda319363e67c65edfc73459411bd3948c0f32efddbc9928b810d5abf4.js?body=1" for 127.0.0.1 at 2017-05-10 15:26:49 -0300


Started GET "/assets/bootstrap/tab.self-e3abc2817f699a2be95f78a4aff190ef7669d5590adbacd0c08867eb34ed16c6.js?body=1" for 127.0.0.1 at 2017-05-10 15:26:49 -0300


Started GET "/assets/bootstrap/tooltip.self-dd8a9f3fa1f9fc58df30c7ed9a17dfc7303b812d72640899beee03609124b426.js?body=1" for 127.0.0.1 at 2017-05-10 15:26:49 -0300


Started GET "/assets/bootstrap/popover.self-7d459fac34d4d96fd9d6da8efcd40dee55b66579a24ddcebf0a355c82dcad7e0.js?body=1" for 127.0.0.1 at 2017-05-10 15:26:49 -0300


Started GET "/assets/bootstrap-sprockets.self-636159b35205da4142a43bc02d2849d77d3ac07a0946211585cde15a9c6ff21f.js?body=1" for 127.0.0.1 at 2017-05-10 15:26:49 -0300


Started GET "/assets/application.self-7862a8a8b42407b4741a1adeeea35f0d13ddc4f702ec532adb0674491d296495.js?body=1" for 127.0.0.1 at 2017-05-10 15:26:49 -0300


Started GET "/users/sign_up" for 127.0.0.1 at 2017-05-10 15:27:11 -0300
Processing by Devise::RegistrationsController#new as HTML
  Rendered devise/shared/_links.html.erb (0.4ms)
  Rendered devise/registrations/new.html.erb within layouts/application (2.7ms)
Completed 200 OK in 52ms (Views: 50.2ms | ActiveRecord: 0.0ms)


Started GET "/" for 127.0.0.1 at 2017-05-10 15:27:21 -0300
  [1m[36mActiveRecord::SchemaMigration Load (0.3ms)[0m  [1mSELECT `schema_migrations`.* FROM `schema_migrations`[0m
Processing by PublicationsController#index as HTML
  [1m[35mPublication Load (0.4ms)[0m  SELECT `publications`.* FROM `publications`
  Rendered publications/index.html.erb within layouts/application (5.2ms)
Completed 200 OK in 407ms (Views: 389.8ms | ActiveRecord: 1.1ms)


Started GET "/" for 127.0.0.1 at 2017-05-10 15:27:39 -0300
Processing by PublicationsController#index as HTML
  [1m[36mPublication Load (0.3ms)[0m  [1mSELECT `publications`.* FROM `publications`[0m
  Rendered publications/index.html.erb within layouts/application (1.1ms)
Completed 200 OK in 1726ms (Views: 1724.5ms | ActiveRecord: 0.3ms)


Started GET "/assets/application.self-5252764a28e8e5ed1d7e98ffa8b253239987e29fcb720561bccf1ff532636659.css?body=1" for 127.0.0.1 at 2017-05-10 15:27:41 -0300


Started GET "/" for 127.0.0.1 at 2017-05-10 15:27:51 -0300
Processing by PublicationsController#index as HTML
  [1m[35mPublication Load (0.3ms)[0m  SELECT `publications`.* FROM `publications`
  Rendered publications/index.html.erb within layouts/application (1.9ms)
Completed 200 OK in 840ms (Views: 839.3ms | ActiveRecord: 0.3ms)


Started GET "/assets/application.self-a896b20a54f4426fd57d23147bdf1012299834d9afa11ebf1fb897d742ddf306.css?body=1" for 127.0.0.1 at 2017-05-10 15:27:52 -0300


Started GET "/" for 127.0.0.1 at 2017-05-10 15:40:27 -0300
  [1m[36mActiveRecord::SchemaMigration Load (0.3ms)[0m  [1mSELECT `schema_migrations`.* FROM `schema_migrations`[0m
Processing by PublicationsController#index as HTML
  [1m[35mPublication Load (0.4ms)[0m  SELECT `publications`.* FROM `publications`
  Rendered publications/index.html.erb within layouts/application (4.3ms)
Completed 500 Internal Server Error in 332ms (ActiveRecord: 0.9ms)

ActionView::Template::Error (File to import not found or unreadable: bootstrap-sprockets.
Load paths:
  /home/paxoth/Documentos/Universidad/PIINFO/ComunitApp/app/assets/images
  /home/paxoth/Documentos/Universidad/PIINFO/ComunitApp/app/assets/javascripts
  /home/paxoth/Documentos/Universidad/PIINFO/ComunitApp/app/assets/stylesheets
  /home/paxoth/Documentos/Universidad/PIINFO/ComunitApp/vendor/assets/javascripts
  /home/paxoth/Documentos/Universidad/PIINFO/ComunitApp/vendor/assets/stylesheets
  /home/paxoth/Documentos/Universidad/PIINFO/ComunitApp/vendor/bundle/ruby/2.3.0/gems/jquery-rails-4.3.1/vendor/assets/javascripts
  /home/paxoth/Documentos/Universidad/PIINFO/ComunitApp/vendor/bundle/ruby/2.3.0/gems/coffee-rails-4.1.1/lib/assets/javascripts
  /home/paxoth/Documentos/Universidad/PIINFO/ComunitApp/vendor/bundle/ruby/2.3.0/gems/turbolinks-source-5.0.3/lib/assets/javascripts
  /home/paxoth/Documentos/Universidad/PIINFO/ComunitApp/vendor/bundle/ruby/2.3.0/gems/bootstrap-4.0.0.alpha6/assets/stylesheets
  /home/paxoth/Documentos/Universidad/PIINFO/ComunitApp/vendor/bundle/ruby/2.3.0/gems/bootstrap-4.0.0.alpha6/assets/javascripts
  /home/paxoth/Documentos/Universidad/PIINFO/ComunitApp/vendor/bundle/ruby/2.3.0/gems/bootstrap-4.0.0.alpha6/assets/stylesheets):
    2: <html>
    3: 	<head>
    4: 		<title>ComunitApp</title>
    5: 		<%= stylesheet_link_tag		'application', media: 'all', 'data-turbolinks-track' => true %>
    6: 		<%= javascript_include_tag 'application', 'data-turbolinks-track' => true %>
    7: 		<%= csrf_meta_tags %>
    8: 	</head>
  app/assets/stylesheets/application.css.scss:18
  app/views/layouts/application.html.erb:5:in `_app_views_layouts_application_html_erb__1398005561259609077_40845600'


  Rendered vendor/bundle/ruby/2.3.0/gems/actionpack-4.2.6/lib/action_dispatch/middleware/templates/rescues/_source.erb (23.7ms)
  Rendered vendor/bundle/ruby/2.3.0/gems/actionpack-4.2.6/lib/action_dispatch/middleware/templates/rescues/_trace.html.erb (10.5ms)
  Rendered vendor/bundle/ruby/2.3.0/gems/actionpack-4.2.6/lib/action_dispatch/middleware/templates/rescues/_request_and_response.html.erb (1.8ms)
  Rendered vendor/bundle/ruby/2.3.0/gems/actionpack-4.2.6/lib/action_dispatch/middleware/templates/rescues/template_error.html.erb within rescues/layout (62.7ms)
  Rendered vendor/bundle/ruby/2.3.0/gems/web-console-2.3.0/lib/web_console/templates/_markup.html.erb (1.6ms)
  Rendered vendor/bundle/ruby/2.3.0/gems/web-console-2.3.0/lib/web_console/templates/_inner_console_markup.html.erb within layouts/inlined_string (0.4ms)
  Rendered vendor/bundle/ruby/2.3.0/gems/web-console-2.3.0/lib/web_console/templates/_prompt_box_markup.html.erb within layouts/inlined_string (0.5ms)
  Rendered vendor/bundle/ruby/2.3.0/gems/web-console-2.3.0/lib/web_console/templates/style.css.erb within layouts/inlined_string (0.4ms)
  Rendered vendor/bundle/ruby/2.3.0/gems/web-console-2.3.0/lib/web_console/templates/console.js.erb within layouts/javascript (44.6ms)
  Rendered vendor/bundle/ruby/2.3.0/gems/web-console-2.3.0/lib/web_console/templates/main.js.erb within layouts/javascript (0.9ms)
  Rendered vendor/bundle/ruby/2.3.0/gems/web-console-2.3.0/lib/web_console/templates/error_page.js.erb within layouts/javascript (1.0ms)
  Rendered vendor/bundle/ruby/2.3.0/gems/web-console-2.3.0/lib/web_console/templates/index.html.erb (81.1ms)


Started GET "/" for 127.0.0.1 at 2017-05-10 15:42:50 -0300
  [1m[36mActiveRecord::SchemaMigration Load (0.3ms)[0m  [1mSELECT `schema_migrations`.* FROM `schema_migrations`[0m
Processing by PublicationsController#index as HTML
  [1m[35mPublication Load (0.4ms)[0m  SELECT `publications`.* FROM `publications`
  Rendered publications/index.html.erb within layouts/application (5.3ms)
Completed 200 OK in 6452ms (Views: 6436.4ms | ActiveRecord: 0.9ms)


Started GET "/assets/application.self-96cee7aab4addc4e37f30a748166e97c403d189137cd3442070214ed3b227800.css?body=1" for 127.0.0.1 at 2017-05-10 15:42:57 -0300


Started GET "/assets/bootstrap/alert.self-a29e91e8cd3ddaba9bbc466901d53ec2127e9256b9b941905d525a3a716bd1a5.js?body=1" for 127.0.0.1 at 2017-05-10 15:42:57 -0300


Started GET "/assets/bootstrap/affix.self-d2b642d8fbfc1d7041e2edefd66683ada567a980789dcd6f94fddda0b33408b5.js?body=1" for 127.0.0.1 at 2017-05-10 15:42:57 -0300


Started GET "/assets/bootstrap/button.self-a6cb16785434acb365ae426aef9f1fce05ed553cae7a965e4471c3da71509175.js?body=1" for 127.0.0.1 at 2017-05-10 15:42:57 -0300


Started GET "/assets/bootstrap/carousel.self-57eb8422043cf0a85b7a9dc6843916eb0a3e35b419c7798a5eb254b918997631.js?body=1" for 127.0.0.1 at 2017-05-10 15:42:57 -0300


Started GET "/assets/bootstrap/tab.self-122235057fbd4c6c7da377d59dc58f47b44cb1088a2e38e6ee6ce9d8ac29a26a.js?body=1" for 127.0.0.1 at 2017-05-10 15:42:57 -0300


Started GET "/assets/bootstrap/transition.self-09ff30b1e8a93d1f7728b9855f55d9c9d8d5734c8861e0d8139994e50944572a.js?body=1" for 127.0.0.1 at 2017-05-10 15:42:57 -0300


Started GET "/assets/bootstrap/collapse.self-7dc8bfbc2fbfabd2bad62c58ff8ffeaf8f20fb87c7ca6cd35f06d4dc19632587.js?body=1" for 127.0.0.1 at 2017-05-10 15:42:57 -0300


Started GET "/assets/bootstrap/dropdown.self-9314126777c6be5443e37ea7f7967d7914d72b3e60449ba50edc967446373059.js?body=1" for 127.0.0.1 at 2017-05-10 15:42:57 -0300


Started GET "/assets/bootstrap/scrollspy.self-a155b9d4b2f978905f0326c0f6635e1134fe91c6bfbfcbad079fa24a9fef2b0e.js?body=1" for 127.0.0.1 at 2017-05-10 15:42:57 -0300


Started GET "/assets/bootstrap/modal.self-72f95ffa1071297725a9ac91989693d56d1abf23f441a47455073b0da2857a5b.js?body=1" for 127.0.0.1 at 2017-05-10 15:42:57 -0300


Started GET "/assets/bootstrap/tooltip.self-11cf547be953f25f511cec668f6690473fd97b2f65502e4032f4030999a3f0c3.js?body=1" for 127.0.0.1 at 2017-05-10 15:42:57 -0300


Started GET "/assets/bootstrap/popover.self-77d8e3a2499c1104ef146396a68b82469ee2bdb365199b874694698d10405e9a.js?body=1" for 127.0.0.1 at 2017-05-10 15:42:57 -0300


Started GET "/assets/bootstrap-sprockets.self-fbfa5ad7d9aa0afe439ec4ff3883acc4cb92b62cb67c40d674320c9aa1d4642d.js?body=1" for 127.0.0.1 at 2017-05-10 15:42:57 -0300


Started GET "/assets/lightbox-bootstrap/ekko-lightbox.min.self-5b11e802f2aa88766721c46deef122aea03fe23a617cd7b8f0f2241a34bcce19.js?body=1" for 127.0.0.1 at 2017-05-10 15:42:57 -0300


Started GET "/assets/lightbox-bootstrap/index.self-e3b0c44298fc1c149afbf4c8996fb92427ae41e4649b934ca495991b7852b855.js?body=1" for 127.0.0.1 at 2017-05-10 15:42:57 -0300


Started GET "/assets/application.self-44dc72337fbefc4f8c73fc8781b922cf9e4f99f8d068e6563c3820851d9390f6.js?body=1" for 127.0.0.1 at 2017-05-10 15:42:57 -0300


Started GET "/" for 127.0.0.1 at 2017-05-10 15:44:14 -0300
Processing by PublicationsController#index as HTML
  [1m[36mPublication Load (0.3ms)[0m  [1mSELECT `publications`.* FROM `publications`[0m
  Rendered publications/index.html.erb within layouts/application (1.2ms)
  Rendered partials/_navigation.html.erb (7.3ms)
Completed 200 OK in 80ms (Views: 76.9ms | ActiveRecord: 0.3ms)


Started GET "/assets/publications.self-e3b0c44298fc1c149afbf4c8996fb92427ae41e4649b934ca495991b7852b855.css?body=1" for 127.0.0.1 at 2017-05-10 15:44:14 -0300


Started GET "/" for 127.0.0.1 at 2017-05-10 15:44:43 -0300
Processing by PublicationsController#index as HTML
  [1m[35mPublication Load (0.9ms)[0m  SELECT `publications`.* FROM `publications`
  Rendered publications/index.html.erb within layouts/application (4.9ms)
  Rendered partials/_navigation.html.erb (1.1ms)
Completed 200 OK in 131ms (Views: 129.2ms | ActiveRecord: 0.9ms)


Started GET "/" for 127.0.0.1 at 2017-05-10 15:44:44 -0300
Processing by PublicationsController#index as HTML
  [1m[36mPublication Load (0.3ms)[0m  [1mSELECT `publications`.* FROM `publications`[0m
  Rendered publications/index.html.erb within layouts/application (1.0ms)
  Rendered partials/_navigation.html.erb (1.0ms)
Completed 200 OK in 94ms (Views: 92.4ms | ActiveRecord: 0.3ms)


Started GET "/" for 127.0.0.1 at 2017-05-10 15:44:51 -0300
  [1m[36mActiveRecord::SchemaMigration Load (0.3ms)[0m  [1mSELECT `schema_migrations`.* FROM `schema_migrations`[0m
Processing by PublicationsController#index as HTML
  [1m[35mPublication Load (0.3ms)[0m  SELECT `publications`.* FROM `publications`
  Rendered publications/index.html.erb within layouts/application (4.8ms)
  Rendered partials/_navigation.html.erb (7.2ms)
Completed 200 OK in 546ms (Views: 529.6ms | ActiveRecord: 1.0ms)


Started GET "/" for 127.0.0.1 at 2017-05-10 15:44:52 -0300
Processing by PublicationsController#index as HTML
  [1m[36mPublication Load (0.3ms)[0m  [1mSELECT `publications`.* FROM `publications`[0m
  Rendered publications/index.html.erb within layouts/application (1.5ms)
  Rendered partials/_navigation.html.erb (0.7ms)
Completed 200 OK in 121ms (Views: 120.0ms | ActiveRecord: 0.3ms)


Started GET "/" for 127.0.0.1 at 2017-05-10 15:45:05 -0300
Processing by PublicationsController#index as HTML
  [1m[35mPublication Load (0.6ms)[0m  SELECT `publications`.* FROM `publications`
  Rendered publications/index.html.erb within layouts/application (2.4ms)
  Rendered partials/_navigation.html.erb (0.5ms)
Completed 200 OK in 76ms (Views: 74.4ms | ActiveRecord: 0.6ms)
